<?xml version="1.0" encoding="UTF-8"?>
<!-- Generated by org.testng.reporters.JUnitXMLReporter -->
<testsuite hostname="LAPTOP-JKRBLPFM" ignored="0" name="Default test" tests="4" failures="0" timestamp="14 Oct 2021 20:21:54 GMT" time="22.058" errors="0">
  <testcase name="loginTestWithCorrectCredential" time="4.988" classname="com.mmt.testcases.LoginFunctionalityTest"/>
  <testcase name="testLogout" time="3.055" classname="com.mmt.testcases.LoginFunctionalityTest"/>
  <testcase name="loginTestWithIncorrectCredtentials1" time="2.756" classname="com.mmt.testcases.LoginFunctionalityTest"/>
  <testcase name="LoginTestWithIncorrectCredtentials2" time="2.195" classname="com.mmt.testcases.LoginFunctionalityTest"/>
</testsuite> <!-- Default test -->
