<?xml version="1.0" encoding="UTF-8"?>
<testng-results skipped="0" failed="0" ignored="0" total="4" passed="4">
  <reporter-output>
  </reporter-output>
  <suite name="Default suite" duration-ms="22058" started-at="2021-10-14T20:21:32Z" finished-at="2021-10-14T20:21:54Z">
    <groups>
    </groups>
    <test name="Default test" duration-ms="22058" started-at="2021-10-14T20:21:32Z" finished-at="2021-10-14T20:21:54Z">
      <class name="com.mmt.testcases.LoginFunctionalityTest">
        <test-method status="PASS" signature="beforeMethod()[pri:0, instance:com.mmt.testcases.LoginFunctionalityTest@7ff95560]" name="beforeMethod" is-config="true" duration-ms="6200" started-at="2021-10-14T20:21:32Z" finished-at="2021-10-14T20:21:38Z">
          <reporter-output>
          </reporter-output>
        </test-method> <!-- beforeMethod -->
        <test-method status="PASS" signature="loginTestWithCorrectCredential()[pri:0, instance:com.mmt.testcases.LoginFunctionalityTest@7ff95560]" name="loginTestWithCorrectCredential" duration-ms="4988" started-at="2021-10-14T20:21:38Z" finished-at="2021-10-14T20:21:43Z">
          <reporter-output>
          </reporter-output>
        </test-method> <!-- loginTestWithCorrectCredential -->
        <test-method status="PASS" signature="testLogout()[pri:0, instance:com.mmt.testcases.LoginFunctionalityTest@7ff95560]" name="testLogout" duration-ms="3055" started-at="2021-10-14T20:21:43Z" depends-on-methods="com.mmt.testcases.LoginFunctionalityTest.loginTestWithCorrectCredential" finished-at="2021-10-14T20:21:46Z">
          <reporter-output>
          </reporter-output>
        </test-method> <!-- testLogout -->
        <test-method status="PASS" signature="loginTestWithIncorrectCredtentials1()[pri:0, instance:com.mmt.testcases.LoginFunctionalityTest@7ff95560]" name="loginTestWithIncorrectCredtentials1" duration-ms="2756" started-at="2021-10-14T20:21:46Z" depends-on-methods="com.mmt.testcases.LoginFunctionalityTest.testLogout" finished-at="2021-10-14T20:21:49Z">
          <reporter-output>
          </reporter-output>
        </test-method> <!-- loginTestWithIncorrectCredtentials1 -->
        <test-method status="PASS" signature="LoginTestWithIncorrectCredtentials2()[pri:0, instance:com.mmt.testcases.LoginFunctionalityTest@7ff95560]" name="LoginTestWithIncorrectCredtentials2" duration-ms="2195" started-at="2021-10-14T20:21:49Z" depends-on-methods="com.mmt.testcases.LoginFunctionalityTest.loginTestWithIncorrectCredtentials1" finished-at="2021-10-14T20:21:51Z">
          <reporter-output>
          </reporter-output>
        </test-method> <!-- LoginTestWithIncorrectCredtentials2 -->
        <test-method status="PASS" signature="afterMethod()[pri:0, instance:com.mmt.testcases.LoginFunctionalityTest@7ff95560]" name="afterMethod" is-config="true" duration-ms="2825" started-at="2021-10-14T20:21:51Z" finished-at="2021-10-14T20:21:54Z">
          <reporter-output>
          </reporter-output>
        </test-method> <!-- afterMethod -->
      </class> <!-- com.mmt.testcases.LoginFunctionalityTest -->
    </test> <!-- Default test -->
  </suite> <!-- Default suite -->
</testng-results>
